# JRE version: OpenJDK Runtime Environment (8.0_302-b08) (build 1.8.0_302-b08)
# Java VM: OpenJDK 64-Bit Server VM (25.302-b08 mixed mode windows-amd64 compressed oops)
Heap:
 PSYoungGen      total 157696K, used 60431K [0x00000000f5580000, 0x00000000ffe80000, 0x0000000100000000)
  eden space 144384K, 38% used [0x00000000f5580000,0x00000000f8c20988,0x00000000fe280000)
  from space 13312K, 33% used [0x00000000ff180000,0x00000000ff5e35a8,0x00000000ffe80000)
  to   space 14336K, 0% used [0x00000000fe280000,0x00000000fe280000,0x00000000ff080000)
 ParOldGen       total 196096K, used 54243K [0x00000000e0000000, 0x00000000ebf80000, 0x00000000f5580000)
  object space 196096K, 27% used [0x00000000e0000000,0x00000000e34f8e98,0x00000000ebf80000)
 Metaspace       used 64820K, capacity 70049K, committed 70400K, reserved 1110016K
  class space    used 8479K, capacity 9360K, committed 9472K, reserved 1048576K
GC Heap History (10 events):
Event: 30263.220 GC heap before
{Heap before GC invocations=61 (full 3):
 PSYoungGen      total 156672K, used 142720K [0x00000000f5580000, 0x00000000ffe00000, 0x0000000100000000)
  eden space 140800K, 100% used [0x00000000f5580000,0x00000000fdf00000,0x00000000fdf00000)
  from space 15872K, 12% used [0x00000000fdf00000,0x00000000fe0e0000,0x00000000fee80000)
  to   space 14848K, 0% used [0x00000000fef80000,0x00000000fef80000,0x00000000ffe00000)
 ParOldGen       total 196096K, used 49483K [0x00000000e0000000, 0x00000000ebf80000, 0x00000000f5580000)
  object space 196096K, 25% used [0x00000000e0000000,0x00000000e3052e88,0x00000000ebf80000)
 Metaspace       used 58729K, capacity 63621K, committed 63872K, reserved 1103872K
  class space    used 7718K, capacity 8495K, committed 8576K, reserved 1048576K
Event: 30263.223 GC heap after
Heap after GC invocations=61 (full 3):
 PSYoungGen      total 158208K, used 1043K [0x00000000f5580000, 0x00000000ffe00000, 0x0000000100000000)
  eden space 143360K, 0% used [0x00000000f5580000,0x00000000f5580000,0x00000000fe180000)
  from space 14848K, 7% used [0x00000000fef80000,0x00000000ff084e18,0x00000000ffe00000)
  to   space 14336K, 0% used [0x00000000fe180000,0x00000000fe180000,0x00000000fef80000)
 ParOldGen       total 196096K, used 50947K [0x00000000e0000000, 0x00000000ebf80000, 0x00000000f5580000)
  object space 196096K, 25% used [0x00000000e0000000,0x00000000e31c0e88,0x00000000ebf80000)
 Metaspace       used 58729K, capacity 63621K, committed 63872K, reserved 1103872K
  class space    used 7718K, capacity 8495K, committed 8576K, reserved 1048576K
}
Event: 30263.422 GC heap before
{Heap before GC invocations=62 (full 3):
 PSYoungGen      total 158208K, used 144403K [0x00000000f5580000, 0x00000000ffe00000, 0x0000000100000000)
  eden space 143360K, 100% used [0x00000000f5580000,0x00000000fe180000,0x00000000fe180000)
  from space 14848K, 7% used [0x00000000fef80000,0x00000000ff084e18,0x00000000ffe00000)
  to   space 14336K, 0% used [0x00000000fe180000,0x00000000fe180000,0x00000000fef80000)
 ParOldGen       total 196096K, used 50947K [0x00000000e0000000, 0x00000000ebf80000, 0x00000000f5580000)
  object space 196096K, 25% used [0x00000000e0000000,0x00000000e31c0e88,0x00000000ebf80000)
 Metaspace       used 58729K, capacity 63621K, committed 63872K, reserved 1103872K
  class space    used 7718K, capacity 8495K, committed 8576K, reserved 1048576K
Event: 30263.425 GC heap after
Heap after GC invocations=62 (full 3):
 PSYoungGen      total 157696K, used 1088K [0x00000000f5580000, 0x00000000ffd80000, 0x0000000100000000)
  eden space 143360K, 0% used [0x00000000f5580000,0x00000000f5580000,0x00000000fe180000)
  from space 14336K, 7% used [0x00000000fe180000,0x00000000fe290000,0x00000000fef80000)
  to   space 13312K, 0% used [0x00000000ff080000,0x00000000ff080000,0x00000000ffd80000)
 ParOldGen       total 196096K, used 51707K [0x00000000e0000000, 0x00000000ebf80000, 0x00000000f5580000)
  object space 196096K, 26% used [0x00000000e0000000,0x00000000e327ee88,0x00000000ebf80000)
 Metaspace       used 58729K, capacity 63621K, committed 63872K, reserved 1103872K
  class space    used 7718K, capacity 8495K, committed 8576K, reserved 1048576K
}
Event: 30263.651 GC heap before
{Heap before GC invocations=63 (full 3):
 PSYoungGen      total 157696K, used 137770K [0x00000000f5580000, 0x00000000ffd80000, 0x0000000100000000)
  eden space 143360K, 95% used [0x00000000f5580000,0x00000000fdafa928,0x00000000fe180000)
  from space 14336K, 7% used [0x00000000fe180000,0x00000000fe290000,0x00000000fef80000)
  to   space 13312K, 0% used [0x00000000ff080000,0x00000000ff080000,0x00000000ffd80000)
 ParOldGen       total 196096K, used 51707K [0x00000000e0000000, 0x00000000ebf80000, 0x00000000f5580000)
  object space 196096K, 26% used [0x00000000e0000000,0x00000000e327ee88,0x00000000ebf80000)
 Metaspace       used 58729K, capacity 63621K, committed 63872K, reserved 1103872K
  class space    used 7718K, capacity 8495K, committed 8576K, reserved 1048576K
Event: 30263.659 GC heap after
Heap after GC invocations=63 (full 3):
 PSYoungGen      total 156672K, used 11477K [0x00000000f5580000, 0x0000000100000000, 0x0000000100000000)
  eden space 143360K, 0% used [0x00000000f5580000,0x00000000f5580000,0x00000000fe180000)
  from space 13312K, 86% used [0x00000000ff080000,0x00000000ffbb54a8,0x00000000ffd80000)
  to   space 15360K, 0% used [0x00000000fe180000,0x00000000fe180000,0x00000000ff080000)
 ParOldGen       total 196096K, used 52643K [0x00000000e0000000, 0x00000000ebf80000, 0x00000000f5580000)
  object space 196096K, 26% used [0x00000000e0000000,0x00000000e3368e88,0x00000000ebf80000)
 Metaspace       used 58729K, capacity 63621K, committed 63872K, reserved 1103872K
  class space    used 7718K, capacity 8495K, committed 8576K, reserved 1048576K
}
Event: 30263.967 GC heap before
{Heap before GC invocations=64 (full 3):
 PSYoungGen      total 156672K, used 154837K [0x00000000f5580000, 0x0000000100000000, 0x0000000100000000)
  eden space 143360K, 100% used [0x00000000f5580000,0x00000000fe180000,0x00000000fe180000)
  from space 13312K, 86% used [0x00000000ff080000,0x00000000ffbb54a8,0x00000000ffd80000)
  to   space 15360K, 0% used [0x00000000fe180000,0x00000000fe180000,0x00000000ff080000)
 ParOldGen       total 196096K, used 52643K [0x00000000e0000000, 0x00000000ebf80000, 0x00000000f5580000)
  object space 196096K, 26% used [0x00000000e0000000,0x00000000e3368e88,0x00000000ebf80000)
 Metaspace       used 58729K, capacity 63621K, committed 63872K, reserved 1103872K
  class space    used 7718K, capacity 8495K, committed 8576K, reserved 1048576K
Event: 30263.970 GC heap after
Heap after GC invocations=64 (full 3):
 PSYoungGen      total 158720K, used 1232K [0x00000000f5580000, 0x0000000100000000, 0x0000000100000000)
  eden space 143360K, 0% used [0x00000000f5580000,0x00000000f5580000,0x00000000fe180000)
  from space 15360K, 8% used [0x00000000fe180000,0x00000000fe2b4010,0x00000000ff080000)
  to   space 14848K, 0% used [0x00000000ff180000,0x00000000ff180000,0x0000000100000000)
 ParOldGen       total 196096K, used 53779K [0x00000000e0000000, 0x00000000ebf80000, 0x00000000f5580000)
  object space 196096K, 27% used [0x00000000e0000000,0x00000000e3484e88,0x00000000ebf80000)
 Metaspace       used 58729K, capacity 63621K, committed 63872K, reserved 1103872K
  class space    used 7718K, capacity 8495K, committed 8576K, reserved 1048576K
}
Event: 30265.680 GC heap before
{Heap before GC invocations=65 (full 3):
 PSYoungGen      total 158720K, used 144592K [0x00000000f5580000, 0x0000000100000000, 0x0000000100000000)
  eden space 143360K, 100% used [0x00000000f5580000,0x00000000fe180000,0x00000000fe180000)
  from space 15360K, 8% used [0x00000000fe180000,0x00000000fe2b4010,0x00000000ff080000)
  to   space 14848K, 0% used [0x00000000ff180000,0x00000000ff180000,0x0000000100000000)
 ParOldGen       total 196096K, used 53779K [0x00000000e0000000, 0x00000000ebf80000, 0x00000000f5580000)
  object space 196096K, 27% used [0x00000000e0000000,0x00000000e3484e88,0x00000000ebf80000)
 Metaspace       used 60983K, capacity 66023K, committed 66176K, reserved 1105920K
  class space    used 7980K, capacity 8822K, committed 8832K, reserved 1048576K
Event: 30265.743 GC heap after
Heap after GC invocations=65 (full 3):
 PSYoungGen      total 157696K, used 4493K [0x00000000f5580000, 0x00000000ffe80000, 0x0000000100000000)
  eden space 144384K, 0% used [0x00000000f5580000,0x00000000f5580000,0x00000000fe280000)
  from space 13312K, 33% used [0x00000000ff180000,0x00000000ff5e35a8,0x00000000ffe80000)
  to   space 14336K, 0% used [0x00000000fe280000,0x00000000fe280000,0x00000000ff080000)
 ParOldGen       total 196096K, used 54243K [0x00000000e0000000, 0x00000000ebf80000, 0x00000000f5580000)
  object space 196096K, 27% used [0x00000000e0000000,0x00000000e34f8e98,0x00000000ebf80000)
 Metaspace       used 60983K, capacity 66023K, committed 66176K, reserved 1105920K
  class space    used 7980K, capacity 8822K, committed 8832K, reserved 1048576K
}

